Module Table: version 5, count 22
Columns: id, containing_id, start, end, entry, offset, preferred_base, checksum, timestamp, (custom fields), path
  0,   0, 0x0000000071000000, 0x00000000711c9000, 0x00000000710a7c30, 0000000000000000, 0x0000000071000000, 0x0019d6af, 0x64de8a6d, v#1,0, C:\Users\USER2\Desktop\projects\DoctorantMemory\DynamoRIO-Windows-10.0.0\lib64\release\dynamorio.dll
  1,   1, 0x00007ff627650000, 0x00007ff6276ca000, 0x00007ff6276718cc, 0000000000000000, 0x0000000072000000, 0x00000000, 0x64de8af5, v#1,0, C:\Users\USER2\Desktop\projects\DoctorantMemory\DynamoRIO-Windows-10.0.0/tools/lib64/release/drmemtrace.dll
  2,   2, 0x00007ff6276d0000, 0x00007ff627725000, 0x00007ff6276d9b84, 0000000000000000, 0x0000000076000000, 0x00000000, 0x64de8af0, v#1,0, C:\Users\USER2\Desktop\projects\DoctorantMemory\DynamoRIO-Windows-10.0.0\ext\lib64\release/drsyms.dll
  3,   3, 0x00007ff627960000, 0x00007ff62796b000, 0x00007ff627960000, 0000000000000000, 0x0000000074000000, 0x00000000, 0x64de8add, v#1,0, C:\Users\USER2\Desktop\projects\DoctorantMemory\DynamoRIO-Windows-10.0.0\ext\lib64\release/drwrap.dll
  4,   4, 0x00007ff627970000, 0x00007ff627980000, 0x00007ff627970000, 0000000000000000, 0x0000000073000000, 0x00000000, 0x64de8adb, v#1,0, C:\Users\USER2\Desktop\projects\DoctorantMemory\DynamoRIO-Windows-10.0.0\ext\lib64\release/drmgr.dll
  5,   5, 0x00007ff627980000, 0x00007ff627986000, 0x00007ff627980000, 0000000000000000, 0x0000000075000000, 0x00000000, 0x64de8af2, v#1,0, C:\Users\USER2\Desktop\projects\DoctorantMemory\DynamoRIO-Windows-10.0.0\ext\lib64\release/drutil.dll
  6,   6, 0x00007ff627990000, 0x00007ff627996000, 0x00007ff627990000, 0000000000000000, 0x0000000072000000, 0x00000000, 0x64de8af5, v#1,0, C:\Users\USER2\Desktop\projects\DoctorantMemory\DynamoRIO-Windows-10.0.0\ext\lib64\release/drstatecmp.dll
  7,   7, 0x00007ff6279a0000, 0x00007ff6279a9000, 0x00007ff6279a0000, 0000000000000000, 0x0000000073800000, 0x00000000, 0x64de8af3, v#1,0, C:\Users\USER2\Desktop\projects\DoctorantMemory\DynamoRIO-Windows-10.0.0\ext\lib64\release/drcovlib.dll
  8,   8, 0x00007ff6279b0000, 0x00007ff6279bf000, 0x00007ff6279b0000, 0000000000000000, 0x0000000077000000, 0x00000000, 0x64de8add, v#1,0, C:\Users\USER2\Desktop\projects\DoctorantMemory\DynamoRIO-Windows-10.0.0\ext\lib64\release/drx.dll
  9,   9, 0x00007ff6279c0000, 0x00007ff6279cc000, 0x00007ff6279c0000, 0000000000000000, 0x0000000078000000, 0x00000000, 0x64de8adb, v#1,0, C:\Users\USER2\Desktop\projects\DoctorantMemory\DynamoRIO-Windows-10.0.0\ext\lib64\release/drreg.dll
 10,  10, 0x00007ff6279d0000, 0x00007ff6279db000, 0x00007ff6279d0000, 0000000000000000, 0x0000000072000000, 0x00000000, 0x64de8adf, v#1,0, C:\Users\USER2\Desktop\projects\DoctorantMemory\DynamoRIO-Windows-10.0.0\ext\lib64\release/drbbdup.dll
 11,  11, 0x00007ff687640000, 0x00007ff687648000, 0x00007ff687641530, 0000000000000000, 0x00007ff687640000, 0x00000000, 0x66193a0f, v#1,0, C:\Users\USER2\Desktop\projects\DoctorantMemory\HelloWorld.exe
 12,  12, 0x00007ffb89ab0000, 0x00007ffb89b3d000, 0x00007ffb89b02990, 0000000000000000, 0x00007ffb89ab0000, 0x0008d891, 0x612d915a, v#1,0, C:\WINDOWS\SYSTEM32\MSVCP140.dll
 13,  13, 0x00007ffb89b40000, 0x00007ffb89b5b000, 0x00007ffb89b4fb70, 0000000000000000, 0x00007ffb89b40000, 0x00020b8e, 0x612d9159, v#1,0, C:\WINDOWS\SYSTEM32\VCRUNTIME140.dll
 14,  14, 0x00007ffb8fa30000, 0x00007ffb8fa3c000, 0x00007ffb8fa34160, 0000000000000000, 0x00007ffb8fa30000, 0x00015d37, 0x612d915e, v#1,0, C:\WINDOWS\SYSTEM32\VCRUNTIME140_1.dll
 15,  15, 0x00007ffb9eec0000, 0x00007ffb9ef57000, 0x00007ffb9eed49d0, 0000000000000000, 0x00007ffb9eec0000, 0x0009eb10, 0xef5e19e2, v#1,0, C:\WINDOWS\SYSTEM32\apphelp.dll
 16,  16, 0x00007ffba2ee0000, 0x00007ffba3287000, 0x00007ffba2f1c3b0, 0000000000000000, 0x00007ffba2ee0000, 0x003b5333, 0x3d876852, v#1,0, C:\WINDOWS\System32\KERNELBASE.dll
 17,  17, 0x00007ffba3430000, 0x00007ffba3541000, 0x00007ffba3447560, 0000000000000000, 0x00007ffba3430000, 0x00117465, 0xdf382650, v#1,0, C:\WINDOWS\System32\ucrtbase.dll
 18,  18, 0x00007ffba44b0000, 0x00007ffba4574000, 0x00007ffba44c25e0, 0000000000000000, 0x00007ffba44b0000, 0x000cffb6, 0xce081ca8, v#1,0, C:\WINDOWS\System32\KERNEL32.DLL
 19,  19, 0x00007ffba5890000, 0x00007ffba5aa6000, 0x00007ffba5890000, 0000000000000000, 0x00007ffba5890000, 0x0021eed5, 0xeae8eecc, v#1,0, C:\WINDOWS\SYSTEM32\ntdll.dll
 20,  20, 0x00007ffba3780000, 0x00007ffba3827000, 0x00007ffba3787b90, 0000000000000000, 0x00007ffba3780000, 0x000b47d5, 0x657b2709, v#1,0, C:\Windows\System32\msvcrt.dll
 21,  21, 0x00007ffba1bb0000, 0x00007ffba1bc8000, 0x00007ffba1bb5880, 0000000000000000, 0x00007ffba1bb0000, 0x00024a7f, 0x8aca7e42, v#1,0, C:\Windows\System32\kernel.appcore.dll
